2024-11-25 09:35:04.7430 Info Registered target NLog.Targets.FileTarget(Name=fileTarget)
2024-11-25 09:35:04.7513 Info Registered target NLog.Targets.ConsoleTarget(Name=consoleTarget)
2024-11-25 09:35:04.7513 Info Registered target NLog.Targets.ChainsawTarget(Name=log4j)
2024-11-25 09:35:04.7513 Info Registered target NLog.Targets.Wrappers.AsyncTargetWrapper(Name=throttle_log4j)
2024-11-25 09:35:04.7513 Info NLog, Version=5.0.0.0, Culture=neutral, PublicKeyToken=5120e14c03d0593c. File version: 5.3.4.2778. Product version: 5.3.4+73d83d3161d31288ca5c554cc50d27b6bed5f28b. GlobalAssemblyCache: False
2024-11-25 09:35:04.7687 Info Validating config: TargetNames=fileTarget, consoleTarget, ConfigItems=38, FilePath=C:\source\Ladder99\__1\IDS.Transporter\bin\Debug\net8.0\NLog.config
2024-11-25 09:35:04.7687 Warn Unused target detected. Add a rule for this target to the configuration. TargetName: log4j
2024-11-25 09:35:04.7687 Warn Unused target detected. Add a rule for this target to the configuration. TargetName: throttle_log4j
2024-11-25 09:35:04.7687 Info Configuration initialized.
2024-11-25 09:36:22.4663 Info AppDomain Shutting down. LogFactory closing...
2024-11-25 09:36:22.4729 Info LogFactory has been closed.
2024-11-25 09:45:57.4634 Info Registered target NLog.Targets.FileTarget(Name=fileTarget)
2024-11-25 09:45:57.4725 Info Registered target NLog.Targets.ConsoleTarget(Name=consoleTarget)
2024-11-25 09:45:57.5152 Info Registered target NLog.Targets.ChainsawTarget(Name=log4j)
2024-11-25 09:45:57.5152 Info Registered target NLog.Targets.Wrappers.AsyncTargetWrapper(Name=throttle_log4j)
2024-11-25 09:45:57.5152 Info NLog, Version=5.0.0.0, Culture=neutral, PublicKeyToken=5120e14c03d0593c. File version: 5.3.4.2778. Product version: 5.3.4+73d83d3161d31288ca5c554cc50d27b6bed5f28b. GlobalAssemblyCache: False
2024-11-25 09:45:57.5759 Info Validating config: TargetNames=fileTarget, consoleTarget, ConfigItems=38, FilePath=C:\source\Ladder99\__1\IDS.Transporter\bin\Debug\net8.0\NLog.config
2024-11-25 09:45:57.5904 Warn Unused target detected. Add a rule for this target to the configuration. TargetName: log4j
2024-11-25 09:45:57.5904 Warn Unused target detected. Add a rule for this target to the configuration. TargetName: throttle_log4j
2024-11-25 09:45:57.6048 Info Configuration initialized.
2024-11-25 09:46:24.4367 Info Registered target NLog.Targets.FileTarget(Name=fileTarget)
2024-11-25 09:46:24.4452 Info Registered target NLog.Targets.ConsoleTarget(Name=consoleTarget)
2024-11-25 09:46:24.5023 Info Registered target NLog.Targets.ChainsawTarget(Name=log4j)
2024-11-25 09:46:24.5023 Info Registered target NLog.Targets.Wrappers.AsyncTargetWrapper(Name=throttle_log4j)
2024-11-25 09:46:24.5023 Info NLog, Version=5.0.0.0, Culture=neutral, PublicKeyToken=5120e14c03d0593c. File version: 5.3.4.2778. Product version: 5.3.4+73d83d3161d31288ca5c554cc50d27b6bed5f28b. GlobalAssemblyCache: False
2024-11-25 09:46:24.5651 Info Validating config: TargetNames=fileTarget, consoleTarget, ConfigItems=38, FilePath=C:\source\Ladder99\__1\IDS.Transporter\bin\Debug\net8.0\NLog.config
2024-11-25 09:46:24.5795 Warn Unused target detected. Add a rule for this target to the configuration. TargetName: log4j
2024-11-25 09:46:24.5795 Warn Unused target detected. Add a rule for this target to the configuration. TargetName: throttle_log4j
2024-11-25 09:46:24.5932 Info Configuration initialized.
2024-11-25 09:46:44.8602 Info Registered target NLog.Targets.FileTarget(Name=fileTarget)
2024-11-25 09:46:44.8602 Info Registered target NLog.Targets.ConsoleTarget(Name=consoleTarget)
2024-11-25 09:46:44.8741 Info Registered target NLog.Targets.ChainsawTarget(Name=log4j)
2024-11-25 09:46:44.8741 Info Registered target NLog.Targets.Wrappers.AsyncTargetWrapper(Name=throttle_log4j)
2024-11-25 09:46:44.8741 Info NLog, Version=5.0.0.0, Culture=neutral, PublicKeyToken=5120e14c03d0593c. File version: 5.3.4.2778. Product version: 5.3.4+73d83d3161d31288ca5c554cc50d27b6bed5f28b. GlobalAssemblyCache: False
2024-11-25 09:46:44.8741 Info Validating config: TargetNames=fileTarget, consoleTarget, ConfigItems=38, FilePath=C:\source\Ladder99\__1\IDS.Transporter\bin\Debug\net8.0\NLog.config
2024-11-25 09:46:44.8741 Warn Unused target detected. Add a rule for this target to the configuration. TargetName: log4j
2024-11-25 09:46:44.8741 Warn Unused target detected. Add a rule for this target to the configuration. TargetName: throttle_log4j
2024-11-25 09:46:44.8948 Info Configuration initialized.
2024-11-25 09:47:06.6017 Info AppDomain Shutting down. LogFactory closing...
2024-11-25 09:47:06.6085 Info LogFactory has been closed.
2024-11-25 09:47:48.0009 Info Registered target NLog.Targets.FileTarget(Name=fileTarget)
2024-11-25 09:47:48.0102 Info Registered target NLog.Targets.ConsoleTarget(Name=consoleTarget)
2024-11-25 09:47:48.0506 Info Registered target NLog.Targets.ChainsawTarget(Name=log4j)
2024-11-25 09:47:48.0506 Info Registered target NLog.Targets.Wrappers.AsyncTargetWrapper(Name=throttle_log4j)
2024-11-25 09:47:48.0506 Info NLog, Version=5.0.0.0, Culture=neutral, PublicKeyToken=5120e14c03d0593c. File version: 5.3.4.2778. Product version: 5.3.4+73d83d3161d31288ca5c554cc50d27b6bed5f28b. GlobalAssemblyCache: False
2024-11-25 09:47:48.1292 Info Validating config: TargetNames=fileTarget, consoleTarget, ConfigItems=38, FilePath=C:\source\Ladder99\__1\IDS.Transporter\bin\Debug\net8.0\NLog.config
2024-11-25 09:47:48.1454 Warn Unused target detected. Add a rule for this target to the configuration. TargetName: log4j
2024-11-25 09:47:48.1454 Warn Unused target detected. Add a rule for this target to the configuration. TargetName: throttle_log4j
2024-11-25 09:47:48.1597 Info Configuration initialized.
2024-11-25 09:48:11.5228 Info Registered target NLog.Targets.FileTarget(Name=fileTarget)
2024-11-25 09:48:11.5309 Info Registered target NLog.Targets.ConsoleTarget(Name=consoleTarget)
2024-11-25 09:48:11.5309 Info Registered target NLog.Targets.ChainsawTarget(Name=log4j)
2024-11-25 09:48:11.5309 Info Registered target NLog.Targets.Wrappers.AsyncTargetWrapper(Name=throttle_log4j)
2024-11-25 09:48:11.5309 Info NLog, Version=5.0.0.0, Culture=neutral, PublicKeyToken=5120e14c03d0593c. File version: 5.3.4.2778. Product version: 5.3.4+73d83d3161d31288ca5c554cc50d27b6bed5f28b. GlobalAssemblyCache: False
2024-11-25 09:48:11.5476 Info Validating config: TargetNames=fileTarget, consoleTarget, ConfigItems=38, FilePath=C:\source\Ladder99\__1\IDS.Transporter\bin\Debug\net8.0\NLog.config
2024-11-25 09:48:11.5476 Warn Unused target detected. Add a rule for this target to the configuration. TargetName: log4j
2024-11-25 09:48:11.5476 Warn Unused target detected. Add a rule for this target to the configuration. TargetName: throttle_log4j
2024-11-25 09:48:11.5476 Info Configuration initialized.
2024-11-25 10:10:38.1117 Info AppDomain Shutting down. LogFactory closing...
2024-11-25 10:10:38.1324 Info LogFactory has been closed.
2024-11-25 10:12:58.6543 Info Registered target NLog.Targets.FileTarget(Name=fileTarget)
2024-11-25 10:12:58.6632 Info Registered target NLog.Targets.ConsoleTarget(Name=consoleTarget)
2024-11-25 10:12:58.7043 Info Registered target NLog.Targets.ChainsawTarget(Name=log4j)
2024-11-25 10:12:58.7043 Info Registered target NLog.Targets.Wrappers.AsyncTargetWrapper(Name=throttle_log4j)
2024-11-25 10:12:58.7043 Info NLog, Version=5.0.0.0, Culture=neutral, PublicKeyToken=5120e14c03d0593c. File version: 5.3.4.2778. Product version: 5.3.4+73d83d3161d31288ca5c554cc50d27b6bed5f28b. GlobalAssemblyCache: False
2024-11-25 10:12:58.7681 Info Validating config: TargetNames=fileTarget, consoleTarget, ConfigItems=38, FilePath=C:\source\Ladder99\__1\IDS.Transporter\bin\Debug\net8.0\NLog.config
2024-11-25 10:12:58.7831 Warn Unused target detected. Add a rule for this target to the configuration. TargetName: log4j
2024-11-25 10:12:58.7831 Warn Unused target detected. Add a rule for this target to the configuration. TargetName: throttle_log4j
2024-11-25 10:12:58.7980 Info Configuration initialized.
2024-11-25 10:19:59.0252 Info Registered target NLog.Targets.FileTarget(Name=fileTarget)
2024-11-25 10:19:59.0334 Info Registered target NLog.Targets.ConsoleTarget(Name=consoleTarget)
2024-11-25 10:19:59.0737 Info Registered target NLog.Targets.ChainsawTarget(Name=log4j)
2024-11-25 10:19:59.0737 Info Registered target NLog.Targets.Wrappers.AsyncTargetWrapper(Name=throttle_log4j)
2024-11-25 10:19:59.0791 Info NLog, Version=5.0.0.0, Culture=neutral, PublicKeyToken=5120e14c03d0593c. File version: 5.3.4.2778. Product version: 5.3.4+73d83d3161d31288ca5c554cc50d27b6bed5f28b. GlobalAssemblyCache: False
2024-11-25 10:19:59.1356 Info Validating config: TargetNames=fileTarget, consoleTarget, ConfigItems=38, FilePath=C:\source\Ladder99\__1\IDS.Transporter\bin\Debug\net8.0\NLog.config
2024-11-25 10:19:59.1502 Warn Unused target detected. Add a rule for this target to the configuration. TargetName: log4j
2024-11-25 10:19:59.1502 Warn Unused target detected. Add a rule for this target to the configuration. TargetName: throttle_log4j
2024-11-25 10:19:59.1646 Info Configuration initialized.
2024-11-25 10:20:24.5426 Info Registered target NLog.Targets.FileTarget(Name=fileTarget)
2024-11-25 10:20:24.5509 Info Registered target NLog.Targets.ConsoleTarget(Name=consoleTarget)
2024-11-25 10:20:24.5509 Info Registered target NLog.Targets.ChainsawTarget(Name=log4j)
2024-11-25 10:20:24.5509 Info Registered target NLog.Targets.Wrappers.AsyncTargetWrapper(Name=throttle_log4j)
2024-11-25 10:20:24.5509 Info NLog, Version=5.0.0.0, Culture=neutral, PublicKeyToken=5120e14c03d0593c. File version: 5.3.4.2778. Product version: 5.3.4+73d83d3161d31288ca5c554cc50d27b6bed5f28b. GlobalAssemblyCache: False
2024-11-25 10:20:24.5698 Info Validating config: TargetNames=fileTarget, consoleTarget, ConfigItems=38, FilePath=C:\source\Ladder99\__1\IDS.Transporter\bin\Debug\net8.0\NLog.config
2024-11-25 10:20:24.5698 Warn Unused target detected. Add a rule for this target to the configuration. TargetName: log4j
2024-11-25 10:20:24.5698 Warn Unused target detected. Add a rule for this target to the configuration. TargetName: throttle_log4j
2024-11-25 10:20:24.5799 Info Configuration initialized.
2024-11-25 10:20:34.0421 Info AppDomain Shutting down. LogFactory closing...
2024-11-25 10:20:34.0501 Info LogFactory has been closed.
2024-11-25 10:20:47.7827 Info Registered target NLog.Targets.FileTarget(Name=fileTarget)
2024-11-25 10:20:47.7827 Info Registered target NLog.Targets.ConsoleTarget(Name=consoleTarget)
2024-11-25 10:20:47.7979 Info Registered target NLog.Targets.ChainsawTarget(Name=log4j)
2024-11-25 10:20:47.7979 Info Registered target NLog.Targets.Wrappers.AsyncTargetWrapper(Name=throttle_log4j)
2024-11-25 10:20:47.7979 Info NLog, Version=5.0.0.0, Culture=neutral, PublicKeyToken=5120e14c03d0593c. File version: 5.3.4.2778. Product version: 5.3.4+73d83d3161d31288ca5c554cc50d27b6bed5f28b. GlobalAssemblyCache: False
2024-11-25 10:20:47.7979 Info Validating config: TargetNames=fileTarget, consoleTarget, ConfigItems=38, FilePath=C:\source\Ladder99\__1\IDS.Transporter\bin\Debug\net8.0\NLog.config
2024-11-25 10:20:47.8123 Warn Unused target detected. Add a rule for this target to the configuration. TargetName: log4j
2024-11-25 10:20:47.8123 Warn Unused target detected. Add a rule for this target to the configuration. TargetName: throttle_log4j
2024-11-25 10:20:47.8123 Info Configuration initialized.
